0 info it worked if it ends with ok
1 verbose cli [ 'C:\\Program Files\\nodejs\\node.exe',
1 verbose cli   'C:\\Program Files\\nodejs\\node_modules\\npm\\bin\\npm-cli.js',
1 verbose cli   'install' ]
2 info using npm@3.10.10
3 info using node@v6.9.5
4 silly loadCurrentTree Starting
5 silly install loadCurrentTree
6 silly install readLocalPackageData
7 silly install normalizeTree
8 silly loadCurrentTree Finishing
9 silly loadIdealTree Starting
10 silly install loadIdealTree
11 silly cloneCurrentTree Starting
12 silly install cloneCurrentTreeToIdealTree
13 silly cloneCurrentTree Finishing
14 silly loadShrinkwrap Starting
15 silly install loadShrinkwrap
16 silly loadShrinkwrap Finishing
17 silly loadAllDepsIntoIdealTree Starting
18 silly install loadAllDepsIntoIdealTree
19 silly fetchNamedPackageData hiredis
20 silly mapToRegistry name hiredis
21 silly mapToRegistry using default registry
22 silly mapToRegistry registry https://registry.npmjs.org/
23 silly mapToRegistry data Result {
23 silly mapToRegistry   raw: 'hiredis',
23 silly mapToRegistry   scope: null,
23 silly mapToRegistry   escapedName: 'hiredis',
23 silly mapToRegistry   name: 'hiredis',
23 silly mapToRegistry   rawSpec: '',
23 silly mapToRegistry   spec: 'latest',
23 silly mapToRegistry   type: 'tag' }
24 silly mapToRegistry uri https://registry.npmjs.org/hiredis
25 verbose request uri https://registry.npmjs.org/hiredis
26 verbose request no auth needed
27 info attempt registry request try #1 at 8:55:06 AM
28 verbose request id 30d4a65d5a898694
29 verbose etag W/"5818d0cd-56e1"
30 verbose lastModified Tue, 01 Nov 2016 17:28:45 GMT
31 http request GET https://registry.npmjs.org/hiredis
32 http 304 https://registry.npmjs.org/hiredis
33 verbose headers { date: 'Wed, 29 Mar 2017 01:55:07 GMT',
33 verbose headers   via: '1.1 varnish',
33 verbose headers   'cache-control': 'max-age=300',
33 verbose headers   etag: 'W/"5818d0cd-56e1"',
33 verbose headers   age: '0',
33 verbose headers   connection: 'keep-alive',
33 verbose headers   'x-served-by': 'cache-hkg6820-HKG',
33 verbose headers   'x-cache': 'MISS',
33 verbose headers   'x-cache-hits': '0',
33 verbose headers   'x-timer': 'S1490752507.922781,VS0,VE326',
33 verbose headers   vary: 'Accept-Encoding' }
34 silly get cb [ 304,
34 silly get   { date: 'Wed, 29 Mar 2017 01:55:07 GMT',
34 silly get     via: '1.1 varnish',
34 silly get     'cache-control': 'max-age=300',
34 silly get     etag: 'W/"5818d0cd-56e1"',
34 silly get     age: '0',
34 silly get     connection: 'keep-alive',
34 silly get     'x-served-by': 'cache-hkg6820-HKG',
34 silly get     'x-cache': 'MISS',
34 silly get     'x-cache-hits': '0',
34 silly get     'x-timer': 'S1490752507.922781,VS0,VE326',
34 silly get     vary: 'Accept-Encoding' } ]
35 verbose etag https://registry.npmjs.org/hiredis from cache
36 verbose get saving hiredis to C:\Users\Huynh\AppData\Roaming\npm-cache\registry.npmjs.org\hiredis\.cache.json
37 verbose correctMkdir C:\Users\Huynh\AppData\Roaming\npm-cache correctMkdir not in flight; initializing
38 silly resolveWithNewModule hiredis@0.4.1 checking installable status
39 silly cache add args [ 'hiredis@^0.4.1', null ]
40 verbose cache add spec hiredis@^0.4.1
41 silly cache add parsed spec Result {
41 silly cache add   raw: 'hiredis@^0.4.1',
41 silly cache add   scope: null,
41 silly cache add   escapedName: 'hiredis',
41 silly cache add   name: 'hiredis',
41 silly cache add   rawSpec: '^0.4.1',
41 silly cache add   spec: '>=0.4.1 <0.5.0',
41 silly cache add   type: 'range' }
42 silly addNamed hiredis@>=0.4.1 <0.5.0
43 verbose addNamed ">=0.4.1 <0.5.0" is a valid semver range for hiredis
44 silly addNameRange { name: 'hiredis', range: '>=0.4.1 <0.5.0', hasData: false }
45 silly mapToRegistry name hiredis
46 silly mapToRegistry using default registry
47 silly mapToRegistry registry https://registry.npmjs.org/
48 silly mapToRegistry data Result {
48 silly mapToRegistry   raw: 'hiredis',
48 silly mapToRegistry   scope: null,
48 silly mapToRegistry   escapedName: 'hiredis',
48 silly mapToRegistry   name: 'hiredis',
48 silly mapToRegistry   rawSpec: '',
48 silly mapToRegistry   spec: 'latest',
48 silly mapToRegistry   type: 'tag' }
49 silly mapToRegistry uri https://registry.npmjs.org/hiredis
50 verbose addNameRange registry:https://registry.npmjs.org/hiredis not in flight; fetching
51 verbose get https://registry.npmjs.org/hiredis not expired, no request
52 silly addNameRange number 2 { name: 'hiredis', range: '>=0.4.1 <0.5.0', hasData: true }
53 silly addNameRange versions [ 'hiredis',
53 silly addNameRange   [ '0.1.0',
53 silly addNameRange     '0.1.1',
53 silly addNameRange     '0.1.2',
53 silly addNameRange     '0.1.3',
53 silly addNameRange     '0.1.4',
53 silly addNameRange     '0.1.5',
53 silly addNameRange     '0.1.6',
53 silly addNameRange     '0.1.8',
53 silly addNameRange     '0.1.9',
53 silly addNameRange     '0.1.10',
53 silly addNameRange     '0.1.12',
53 silly addNameRange     '0.1.13',
53 silly addNameRange     '0.1.14',
53 silly addNameRange     '0.1.15',
53 silly addNameRange     '0.1.16',
53 silly addNameRange     '0.1.17',
53 silly addNameRange     '0.2.0',
53 silly addNameRange     '0.3.0',
53 silly addNameRange     '0.4.0',
53 silly addNameRange     '0.4.1',
53 silly addNameRange     '0.5.0' ] ]
54 silly addNamed hiredis@0.4.1
55 verbose addNamed "0.4.1" is a plain semver version for hiredis
56 silly cache afterAdd hiredis@0.4.1
57 verbose afterAdd C:\Users\Huynh\AppData\Roaming\npm-cache\hiredis\0.4.1\package\package.json not in flight; writing
58 verbose correctMkdir C:\Users\Huynh\AppData\Roaming\npm-cache correctMkdir not in flight; initializing
59 verbose afterAdd C:\Users\Huynh\AppData\Roaming\npm-cache\hiredis\0.4.1\package\package.json written
60 silly fetchNamedPackageData bindings
61 silly mapToRegistry name bindings
62 silly mapToRegistry using default registry
63 silly mapToRegistry registry https://registry.npmjs.org/
64 silly mapToRegistry data Result {
64 silly mapToRegistry   raw: 'bindings',
64 silly mapToRegistry   scope: null,
64 silly mapToRegistry   escapedName: 'bindings',
64 silly mapToRegistry   name: 'bindings',
64 silly mapToRegistry   rawSpec: '',
64 silly mapToRegistry   spec: 'latest',
64 silly mapToRegistry   type: 'tag' }
65 silly mapToRegistry uri https://registry.npmjs.org/bindings
66 silly fetchNamedPackageData nan
67 silly mapToRegistry name nan
68 silly mapToRegistry using default registry
69 silly mapToRegistry registry https://registry.npmjs.org/
70 silly mapToRegistry data Result {
70 silly mapToRegistry   raw: 'nan',
70 silly mapToRegistry   scope: null,
70 silly mapToRegistry   escapedName: 'nan',
70 silly mapToRegistry   name: 'nan',
70 silly mapToRegistry   rawSpec: '',
70 silly mapToRegistry   spec: 'latest',
70 silly mapToRegistry   type: 'tag' }
71 silly mapToRegistry uri https://registry.npmjs.org/nan
72 verbose request uri https://registry.npmjs.org/bindings
73 verbose request no auth needed
74 info attempt registry request try #1 at 8:55:08 AM
75 verbose etag W/"580645d3-46f7"
76 verbose lastModified Tue, 18 Oct 2016 15:54:59 GMT
77 http request GET https://registry.npmjs.org/bindings
78 verbose request uri https://registry.npmjs.org/nan
79 verbose request no auth needed
80 info attempt registry request try #1 at 8:55:08 AM
81 verbose etag W/"58d25fc7-1df7e"
82 verbose lastModified Wed, 22 Mar 2017 11:28:07 GMT
83 http request GET https://registry.npmjs.org/nan
84 http 304 https://registry.npmjs.org/bindings
85 verbose headers { date: 'Wed, 29 Mar 2017 01:55:08 GMT',
85 verbose headers   via: '1.1 varnish',
85 verbose headers   'cache-control': 'max-age=300',
85 verbose headers   etag: 'W/"580645d3-46f7"',
85 verbose headers   age: '205',
85 verbose headers   connection: 'keep-alive',
85 verbose headers   'x-served-by': 'cache-hkg6820-HKG',
85 verbose headers   'x-cache': 'HIT',
85 verbose headers   'x-cache-hits': '8',
85 verbose headers   'x-timer': 'S1490752508.871088,VS0,VE0',
85 verbose headers   vary: 'Accept-Encoding' }
86 silly get cb [ 304,
86 silly get   { date: 'Wed, 29 Mar 2017 01:55:08 GMT',
86 silly get     via: '1.1 varnish',
86 silly get     'cache-control': 'max-age=300',
86 silly get     etag: 'W/"580645d3-46f7"',
86 silly get     age: '205',
86 silly get     connection: 'keep-alive',
86 silly get     'x-served-by': 'cache-hkg6820-HKG',
86 silly get     'x-cache': 'HIT',
86 silly get     'x-cache-hits': '8',
86 silly get     'x-timer': 'S1490752508.871088,VS0,VE0',
86 silly get     vary: 'Accept-Encoding' } ]
87 verbose etag https://registry.npmjs.org/bindings from cache
88 verbose get saving bindings to C:\Users\Huynh\AppData\Roaming\npm-cache\registry.npmjs.org\bindings\.cache.json
89 verbose correctMkdir C:\Users\Huynh\AppData\Roaming\npm-cache correctMkdir not in flight; initializing
90 silly resolveWithNewModule bindings@1.2.1 checking installable status
91 silly cache add args [ 'bindings@*', null ]
92 verbose cache add spec bindings@*
93 silly cache add parsed spec Result {
93 silly cache add   raw: 'bindings@*',
93 silly cache add   scope: null,
93 silly cache add   escapedName: 'bindings',
93 silly cache add   name: 'bindings',
93 silly cache add   rawSpec: '*',
93 silly cache add   spec: '*',
93 silly cache add   type: 'range' }
94 silly addNamed bindings@*
95 verbose addNamed "*" is a valid semver range for bindings
96 silly addNameRange { name: 'bindings', range: '*', hasData: false }
97 silly mapToRegistry name bindings
98 silly mapToRegistry using default registry
99 silly mapToRegistry registry https://registry.npmjs.org/
100 silly mapToRegistry data Result {
100 silly mapToRegistry   raw: 'bindings',
100 silly mapToRegistry   scope: null,
100 silly mapToRegistry   escapedName: 'bindings',
100 silly mapToRegistry   name: 'bindings',
100 silly mapToRegistry   rawSpec: '',
100 silly mapToRegistry   spec: 'latest',
100 silly mapToRegistry   type: 'tag' }
101 silly mapToRegistry uri https://registry.npmjs.org/bindings
102 verbose addNameRange registry:https://registry.npmjs.org/bindings not in flight; fetching
103 verbose get https://registry.npmjs.org/bindings not expired, no request
104 silly addNameRange number 2 { name: 'bindings', range: '*', hasData: true }
105 silly addNameRange versions [ 'bindings',
105 silly addNameRange   [ '0.0.1',
105 silly addNameRange     '0.1.0',
105 silly addNameRange     '0.1.1',
105 silly addNameRange     '0.2.0',
105 silly addNameRange     '0.2.1',
105 silly addNameRange     '0.2.2',
105 silly addNameRange     '0.2.3',
105 silly addNameRange     '0.2.4',
105 silly addNameRange     '0.3.0',
105 silly addNameRange     '0.4.0',
105 silly addNameRange     '1.0.0',
105 silly addNameRange     '1.1.0',
105 silly addNameRange     '1.1.1',
105 silly addNameRange     '1.2.0',
105 silly addNameRange     '1.2.1' ] ]
106 silly addNamed bindings@1.2.1
107 verbose addNamed "1.2.1" is a plain semver version for bindings
108 silly cache afterAdd bindings@1.2.1
109 verbose afterAdd C:\Users\Huynh\AppData\Roaming\npm-cache\bindings\1.2.1\package\package.json not in flight; writing
110 verbose correctMkdir C:\Users\Huynh\AppData\Roaming\npm-cache correctMkdir not in flight; initializing
111 verbose afterAdd C:\Users\Huynh\AppData\Roaming\npm-cache\bindings\1.2.1\package\package.json written
112 http 304 https://registry.npmjs.org/nan
113 verbose headers { date: 'Wed, 29 Mar 2017 01:55:09 GMT',
113 verbose headers   via: '1.1 varnish',
113 verbose headers   'cache-control': 'max-age=300',
113 verbose headers   etag: 'W/"58d25fc7-1df7e"',
113 verbose headers   age: '5',
113 verbose headers   connection: 'keep-alive',
113 verbose headers   'x-served-by': 'cache-hkg6824-HKG',
113 verbose headers   'x-cache': 'HIT',
113 verbose headers   'x-cache-hits': '1',
113 verbose headers   'x-timer': 'S1490752509.298047,VS0,VE0',
113 verbose headers   vary: 'Accept-Encoding' }
114 silly get cb [ 304,
114 silly get   { date: 'Wed, 29 Mar 2017 01:55:09 GMT',
114 silly get     via: '1.1 varnish',
114 silly get     'cache-control': 'max-age=300',
114 silly get     etag: 'W/"58d25fc7-1df7e"',
114 silly get     age: '5',
114 silly get     connection: 'keep-alive',
114 silly get     'x-served-by': 'cache-hkg6824-HKG',
114 silly get     'x-cache': 'HIT',
114 silly get     'x-cache-hits': '1',
114 silly get     'x-timer': 'S1490752509.298047,VS0,VE0',
114 silly get     vary: 'Accept-Encoding' } ]
115 verbose etag https://registry.npmjs.org/nan from cache
116 verbose get saving nan to C:\Users\Huynh\AppData\Roaming\npm-cache\registry.npmjs.org\nan\.cache.json
117 verbose correctMkdir C:\Users\Huynh\AppData\Roaming\npm-cache correctMkdir not in flight; initializing
118 silly resolveWithNewModule nan@2.5.1 checking installable status
119 silly cache add args [ 'nan@^2.0.5', null ]
120 verbose cache add spec nan@^2.0.5
121 silly cache add parsed spec Result {
121 silly cache add   raw: 'nan@^2.0.5',
121 silly cache add   scope: null,
121 silly cache add   escapedName: 'nan',
121 silly cache add   name: 'nan',
121 silly cache add   rawSpec: '^2.0.5',
121 silly cache add   spec: '>=2.0.5 <3.0.0',
121 silly cache add   type: 'range' }
122 silly addNamed nan@>=2.0.5 <3.0.0
123 verbose addNamed ">=2.0.5 <3.0.0" is a valid semver range for nan
124 silly addNameRange { name: 'nan', range: '>=2.0.5 <3.0.0', hasData: false }
125 silly mapToRegistry name nan
126 silly mapToRegistry using default registry
127 silly mapToRegistry registry https://registry.npmjs.org/
128 silly mapToRegistry data Result {
128 silly mapToRegistry   raw: 'nan',
128 silly mapToRegistry   scope: null,
128 silly mapToRegistry   escapedName: 'nan',
128 silly mapToRegistry   name: 'nan',
128 silly mapToRegistry   rawSpec: '',
128 silly mapToRegistry   spec: 'latest',
128 silly mapToRegistry   type: 'tag' }
129 silly mapToRegistry uri https://registry.npmjs.org/nan
130 verbose addNameRange registry:https://registry.npmjs.org/nan not in flight; fetching
131 verbose get https://registry.npmjs.org/nan not expired, no request
132 silly addNameRange number 2 { name: 'nan', range: '>=2.0.5 <3.0.0', hasData: true }
133 silly addNameRange versions [ 'nan',
133 silly addNameRange   [ '0.3.0-wip',
133 silly addNameRange     '0.3.0-wip2',
133 silly addNameRange     '0.3.0',
133 silly addNameRange     '0.3.1',
133 silly addNameRange     '0.3.2',
133 silly addNameRange     '0.4.0',
133 silly addNameRange     '0.4.1',
133 silly addNameRange     '0.4.2',
133 silly addNameRange     '0.4.3',
133 silly addNameRange     '0.4.4',
133 silly addNameRange     '0.5.0',
133 silly addNameRange     '0.5.1',
133 silly addNameRange     '0.5.2',
133 silly addNameRange     '0.6.0',
133 silly addNameRange     '0.7.0',
133 silly addNameRange     '0.7.1',
133 silly addNameRange     '0.8.0',
133 silly addNameRange     '1.0.0',
133 silly addNameRange     '1.1.0',
133 silly addNameRange     '1.1.1',
133 silly addNameRange     '1.1.2',
133 silly addNameRange     '1.2.0',
133 silly addNameRange     '1.3.0',
133 silly addNameRange     '1.4.0',
133 silly addNameRange     '1.4.1',
133 silly addNameRange     '1.5.0',
133 silly addNameRange     '1.4.2',
133 silly addNameRange     '1.4.3',
133 silly addNameRange     '1.5.1',
133 silly addNameRange     '1.5.2',
133 silly addNameRange     '1.6.0',
133 silly addNameRange     '1.5.3',
133 silly addNameRange     '1.6.1',
133 silly addNameRange     '1.6.2',
133 silly addNameRange     '1.7.0',
133 silly addNameRange     '1.8.0',
133 silly addNameRange     '1.8.1',
133 silly addNameRange     '1.8.2',
133 silly addNameRange     '1.8.3',
133 silly addNameRange     '1.8.4',
133 silly addNameRange     '1.9.0',
133 silly addNameRange     '2.0.0',
133 silly addNameRange     '2.0.1',
133 silly addNameRange     '2.0.2',
133 silly addNameRange     '2.0.3',
133 silly addNameRange     '2.0.4',
133 silly addNameRange     '2.0.5',
133 silly addNameRange     '2.0.6',
133 silly addNameRange     '2.0.7',
133 silly addNameRange     '2.0.8',
133 silly addNameRange     '2.0.9',
133 silly addNameRange     '2.1.0',
133 silly addNameRange     '2.2.0',
133 silly addNameRange     '2.2.1',
133 silly addNameRange     '2.3.0',
133 silly addNameRange     '2.3.1',
133 silly addNameRange     '2.3.2',
133 silly addNameRange     '2.3.3',
133 silly addNameRange     '2.3.4',
133 silly addNameRange     '2.3.5',
133 silly addNameRange     '2.4.0',
133 silly addNameRange     '2.5.0',
133 silly addNameRange     '2.5.1' ] ]
134 silly addNamed nan@2.5.1
135 verbose addNamed "2.5.1" is a plain semver version for nan
136 silly cache afterAdd nan@2.5.1
137 verbose afterAdd C:\Users\Huynh\AppData\Roaming\npm-cache\nan\2.5.1\package\package.json not in flight; writing
138 verbose correctMkdir C:\Users\Huynh\AppData\Roaming\npm-cache correctMkdir not in flight; initializing
139 verbose afterAdd C:\Users\Huynh\AppData\Roaming\npm-cache\nan\2.5.1\package\package.json written
140 silly loadAllDepsIntoIdealTree Finishing
141 silly loadIdealTree Finishing
142 silly currentTree newpubsub@0.0.0
142 silly currentTree +-- accepts@1.2.13
142 silly currentTree +-- after@0.8.2
142 silly currentTree +-- array-flatten@1.1.1
142 silly currentTree +-- arraybuffer.slice@0.0.6
142 silly currentTree +-- backo2@1.0.2
142 silly currentTree +-- base64-arraybuffer@0.1.5
142 silly currentTree +-- base64id@1.0.0
142 silly currentTree +-- basic-auth@1.0.4
142 silly currentTree +-- better-assert@1.0.2
142 silly currentTree +-- blob@0.0.4
142 silly currentTree +-- body-parser@1.14.2
142 silly currentTree +-- bytes@2.2.0
142 silly currentTree +-- callsite@1.0.0
142 silly currentTree +-- component-bind@1.0.0
142 silly currentTree +-- component-emitter@1.1.2
142 silly currentTree +-- component-inherit@0.0.3
142 silly currentTree +-- connect-redis@3.2.0
142 silly currentTree +-- content-disposition@0.5.1
142 silly currentTree +-- content-type@1.0.2
142 silly currentTree +-- cookie-parser@1.4.3
142 silly currentTree +-- cookie-signature@1.0.6
142 silly currentTree +-- cookie@0.3.1
142 silly currentTree +-- crc@3.4.4
142 silly currentTree +-- debug@2.2.0
142 silly currentTree +-- depd@1.1.0
142 silly currentTree +-- destroy@1.0.4
142 silly currentTree +-- double-ended-queue@2.1.0-0
142 silly currentTree +-- ee-first@1.1.1
142 silly currentTree +-- ejs@2.3.4
142 silly currentTree +-- engine.io-client@1.8.3
142 silly currentTree | +-- component-emitter@1.2.1
142 silly currentTree | +-- debug@2.3.3
142 silly currentTree | `-- ms@0.7.2
142 silly currentTree +-- engine.io-parser@1.3.2
142 silly currentTree +-- engine.io@1.8.3
142 silly currentTree | +-- accepts@1.3.3
142 silly currentTree | +-- debug@2.3.3
142 silly currentTree | +-- ms@0.7.2
142 silly currentTree | `-- negotiator@0.6.1
142 silly currentTree +-- escape-html@1.0.3
142 silly currentTree +-- etag@1.7.0
142 silly currentTree +-- express-session@1.15.2
142 silly currentTree | +-- debug@2.6.3
142 silly currentTree | `-- ms@0.7.2
142 silly currentTree +-- express@4.13.4
142 silly currentTree | +-- cookie@0.1.5
142 silly currentTree | `-- qs@4.0.0
142 silly currentTree +-- finalhandler@0.4.1
142 silly currentTree +-- forwarded@0.1.0
142 silly currentTree +-- fresh@0.3.0
142 silly currentTree +-- has-binary@0.1.7
142 silly currentTree +-- has-cors@1.1.0
142 silly currentTree +-- http-errors@1.3.1
142 silly currentTree +-- iconv-lite@0.4.13
142 silly currentTree +-- indexof@0.0.1
142 silly currentTree +-- inherits@2.0.3
142 silly currentTree +-- ip@1.1.5
142 silly currentTree +-- ipaddr.js@1.0.5
142 silly currentTree +-- isarray@0.0.1
142 silly currentTree +-- json3@3.3.2
142 silly currentTree +-- media-typer@0.3.0
142 silly currentTree +-- merge-descriptors@1.0.1
142 silly currentTree +-- methods@1.1.2
142 silly currentTree +-- mime-db@1.27.0
142 silly currentTree +-- mime-types@2.1.15
142 silly currentTree +-- mime@1.3.4
142 silly currentTree +-- morgan@1.6.1
142 silly currentTree | `-- depd@1.0.1
142 silly currentTree +-- ms@0.7.1
142 silly currentTree +-- negotiator@0.5.3
142 silly currentTree +-- object-assign@4.1.0
142 silly currentTree +-- object-component@0.0.3
142 silly currentTree +-- on-finished@2.3.0
142 silly currentTree +-- on-headers@1.0.1
142 silly currentTree +-- options@0.0.6
142 silly currentTree +-- parsejson@0.0.3
142 silly currentTree +-- parseqs@0.0.5
142 silly currentTree +-- parseuri@0.0.5
142 silly currentTree +-- parseurl@1.3.1
142 silly currentTree +-- path-to-regexp@0.1.7
142 silly currentTree +-- proxy-addr@1.0.10
142 silly currentTree +-- qs@5.2.0
142 silly currentTree +-- random-bytes@1.0.0
142 silly currentTree +-- range-parser@1.0.3
142 silly currentTree +-- raw-body@2.1.7
142 silly currentTree | `-- bytes@2.4.0
142 silly currentTree +-- redis-commands@1.3.1
142 silly currentTree +-- redis-parser@2.5.0
142 silly currentTree +-- redis@2.7.1
142 silly currentTree +-- send@0.13.1
142 silly currentTree | `-- statuses@1.2.1
142 silly currentTree +-- serve-favicon@2.3.2
142 silly currentTree | `-- ms@0.7.2
142 silly currentTree +-- serve-static@1.10.3
142 silly currentTree | +-- send@0.13.2
142 silly currentTree | `-- statuses@1.2.1
142 silly currentTree +-- session.socket.io@0.2.1
142 silly currentTree +-- socket.io-adapter@0.5.0
142 silly currentTree | +-- debug@2.3.3
142 silly currentTree | `-- ms@0.7.2
142 silly currentTree +-- socket.io-client@1.7.3
142 silly currentTree | +-- component-emitter@1.2.1
142 silly currentTree | +-- debug@2.3.3
142 silly currentTree | `-- ms@0.7.2
142 silly currentTree +-- socket.io-express-session@0.1.3
142 silly currentTree +-- socket.io-parser@2.3.1
142 silly currentTree +-- socket.io@1.7.3
142 silly currentTree | +-- debug@2.3.3
142 silly currentTree | `-- ms@0.7.2
142 silly currentTree +-- statuses@1.3.1
142 silly currentTree +-- sticky-session@1.1.2
142 silly currentTree +-- to-array@0.1.4
142 silly currentTree +-- type-is@1.6.14
142 silly currentTree +-- uid-safe@2.1.4
142 silly currentTree +-- ultron@1.0.2
142 silly currentTree +-- unpipe@1.0.0
142 silly currentTree +-- utils-merge@1.0.0
142 silly currentTree +-- vary@1.0.1
142 silly currentTree +-- ws@1.1.2
142 silly currentTree +-- wtf-8@1.0.0
142 silly currentTree +-- xmlhttprequest-ssl@1.5.3
142 silly currentTree `-- yeast@0.1.2
143 silly idealTree newpubsub@0.0.0
143 silly idealTree +-- accepts@1.2.13
143 silly idealTree +-- after@0.8.2
143 silly idealTree +-- array-flatten@1.1.1
143 silly idealTree +-- arraybuffer.slice@0.0.6
143 silly idealTree +-- backo2@1.0.2
143 silly idealTree +-- base64-arraybuffer@0.1.5
143 silly idealTree +-- base64id@1.0.0
143 silly idealTree +-- basic-auth@1.0.4
143 silly idealTree +-- better-assert@1.0.2
143 silly idealTree +-- bindings@1.2.1
143 silly idealTree +-- blob@0.0.4
143 silly idealTree +-- body-parser@1.14.2
143 silly idealTree +-- bytes@2.2.0
143 silly idealTree +-- callsite@1.0.0
143 silly idealTree +-- component-bind@1.0.0
143 silly idealTree +-- component-emitter@1.1.2
143 silly idealTree +-- component-inherit@0.0.3
143 silly idealTree +-- connect-redis@3.2.0
143 silly idealTree +-- content-disposition@0.5.1
143 silly idealTree +-- content-type@1.0.2
143 silly idealTree +-- cookie-parser@1.4.3
143 silly idealTree +-- cookie-signature@1.0.6
143 silly idealTree +-- cookie@0.3.1
143 silly idealTree +-- crc@3.4.4
143 silly idealTree +-- debug@2.2.0
143 silly idealTree +-- depd@1.1.0
143 silly idealTree +-- destroy@1.0.4
143 silly idealTree +-- double-ended-queue@2.1.0-0
143 silly idealTree +-- ee-first@1.1.1
143 silly idealTree +-- ejs@2.3.4
143 silly idealTree +-- engine.io-client@1.8.3
143 silly idealTree | +-- component-emitter@1.2.1
143 silly idealTree | +-- debug@2.3.3
143 silly idealTree | `-- ms@0.7.2
143 silly idealTree +-- engine.io-parser@1.3.2
143 silly idealTree +-- engine.io@1.8.3
143 silly idealTree | +-- accepts@1.3.3
143 silly idealTree | +-- debug@2.3.3
143 silly idealTree | +-- ms@0.7.2
143 silly idealTree | `-- negotiator@0.6.1
143 silly idealTree +-- escape-html@1.0.3
143 silly idealTree +-- etag@1.7.0
143 silly idealTree +-- express-session@1.15.2
143 silly idealTree | +-- debug@2.6.3
143 silly idealTree | `-- ms@0.7.2
143 silly idealTree +-- express@4.13.4
143 silly idealTree | +-- cookie@0.1.5
143 silly idealTree | `-- qs@4.0.0
143 silly idealTree +-- finalhandler@0.4.1
143 silly idealTree +-- forwarded@0.1.0
143 silly idealTree +-- fresh@0.3.0
143 silly idealTree +-- has-binary@0.1.7
143 silly idealTree +-- has-cors@1.1.0
143 silly idealTree +-- hiredis@0.4.1
143 silly idealTree +-- http-errors@1.3.1
143 silly idealTree +-- iconv-lite@0.4.13
143 silly idealTree +-- indexof@0.0.1
143 silly idealTree +-- inherits@2.0.3
143 silly idealTree +-- ip@1.1.5
143 silly idealTree +-- ipaddr.js@1.0.5
143 silly idealTree +-- isarray@0.0.1
143 silly idealTree +-- json3@3.3.2
143 silly idealTree +-- media-typer@0.3.0
143 silly idealTree +-- merge-descriptors@1.0.1
143 silly idealTree +-- methods@1.1.2
143 silly idealTree +-- mime-db@1.27.0
143 silly idealTree +-- mime-types@2.1.15
143 silly idealTree +-- mime@1.3.4
143 silly idealTree +-- morgan@1.6.1
143 silly idealTree | `-- depd@1.0.1
143 silly idealTree +-- ms@0.7.1
143 silly idealTree +-- nan@2.5.1
143 silly idealTree +-- negotiator@0.5.3
143 silly idealTree +-- object-assign@4.1.0
143 silly idealTree +-- object-component@0.0.3
143 silly idealTree +-- on-finished@2.3.0
143 silly idealTree +-- on-headers@1.0.1
143 silly idealTree +-- options@0.0.6
143 silly idealTree +-- parsejson@0.0.3
143 silly idealTree +-- parseqs@0.0.5
143 silly idealTree +-- parseuri@0.0.5
143 silly idealTree +-- parseurl@1.3.1
143 silly idealTree +-- path-to-regexp@0.1.7
143 silly idealTree +-- proxy-addr@1.0.10
143 silly idealTree +-- qs@5.2.0
143 silly idealTree +-- random-bytes@1.0.0
143 silly idealTree +-- range-parser@1.0.3
143 silly idealTree +-- raw-body@2.1.7
143 silly idealTree | `-- bytes@2.4.0
143 silly idealTree +-- redis-commands@1.3.1
143 silly idealTree +-- redis-parser@2.5.0
143 silly idealTree +-- redis@2.7.1
143 silly idealTree +-- send@0.13.1
143 silly idealTree | `-- statuses@1.2.1
143 silly idealTree +-- serve-favicon@2.3.2
143 silly idealTree | `-- ms@0.7.2
143 silly idealTree +-- serve-static@1.10.3
143 silly idealTree | +-- send@0.13.2
143 silly idealTree | `-- statuses@1.2.1
143 silly idealTree +-- session.socket.io@0.2.1
143 silly idealTree +-- socket.io-adapter@0.5.0
143 silly idealTree | +-- debug@2.3.3
143 silly idealTree | `-- ms@0.7.2
143 silly idealTree +-- socket.io-client@1.7.3
143 silly idealTree | +-- component-emitter@1.2.1
143 silly idealTree | +-- debug@2.3.3
143 silly idealTree | `-- ms@0.7.2
143 silly idealTree +-- socket.io-express-session@0.1.3
143 silly idealTree +-- socket.io-parser@2.3.1
143 silly idealTree +-- socket.io@1.7.3
143 silly idealTree | +-- debug@2.3.3
143 silly idealTree | `-- ms@0.7.2
143 silly idealTree +-- statuses@1.3.1
143 silly idealTree +-- sticky-session@1.1.2
143 silly idealTree +-- to-array@0.1.4
143 silly idealTree +-- type-is@1.6.14
143 silly idealTree +-- uid-safe@2.1.4
143 silly idealTree +-- ultron@1.0.2
143 silly idealTree +-- unpipe@1.0.0
143 silly idealTree +-- utils-merge@1.0.0
143 silly idealTree +-- vary@1.0.1
143 silly idealTree +-- ws@1.1.2
143 silly idealTree +-- wtf-8@1.0.0
143 silly idealTree +-- xmlhttprequest-ssl@1.5.3
143 silly idealTree `-- yeast@0.1.2
144 silly generateActionsToTake Starting
145 silly install generateActionsToTake
146 silly generateActionsToTake Finishing
147 silly diffTrees action count 3
148 silly diffTrees add bindings@1.2.1
149 silly diffTrees add nan@2.5.1
150 silly diffTrees add hiredis@0.4.1
151 silly decomposeActions action count 24
152 silly decomposeActions fetch bindings@1.2.1
153 silly decomposeActions extract bindings@1.2.1
154 silly decomposeActions test bindings@1.2.1
155 silly decomposeActions preinstall bindings@1.2.1
156 silly decomposeActions build bindings@1.2.1
157 silly decomposeActions install bindings@1.2.1
158 silly decomposeActions postinstall bindings@1.2.1
159 silly decomposeActions finalize bindings@1.2.1
160 silly decomposeActions fetch nan@2.5.1
161 silly decomposeActions extract nan@2.5.1
162 silly decomposeActions test nan@2.5.1
163 silly decomposeActions preinstall nan@2.5.1
164 silly decomposeActions build nan@2.5.1
165 silly decomposeActions install nan@2.5.1
166 silly decomposeActions postinstall nan@2.5.1
167 silly decomposeActions finalize nan@2.5.1
168 silly decomposeActions fetch hiredis@0.4.1
169 silly decomposeActions extract hiredis@0.4.1
170 silly decomposeActions test hiredis@0.4.1
171 silly decomposeActions preinstall hiredis@0.4.1
172 silly decomposeActions build hiredis@0.4.1
173 silly decomposeActions install hiredis@0.4.1
174 silly decomposeActions postinstall hiredis@0.4.1
175 silly decomposeActions finalize hiredis@0.4.1
176 silly runTopLevelLifecycles Starting
177 silly install runPreinstallTopLevelLifecycles
178 silly preinstall newpubsub@0.0.0 D:\Web\NodeJS\chat\redispubsub\newpubsub-ced90fe1
179 info lifecycle newpubsub@0.0.0~preinstall: newpubsub@0.0.0
180 silly lifecycle newpubsub@0.0.0~preinstall: no script for preinstall, continuing
181 silly executeActions Starting
182 silly install executeActions
183 silly doSerial global-install 0
184 silly doParallel fetch 3
185 verbose correctMkdir C:\Users\Huynh\AppData\Roaming\npm-cache\_locks correctMkdir not in flight; initializing
186 verbose lock using C:\Users\Huynh\AppData\Roaming\npm-cache\_locks\staging-e3967c2011e75903.lock for D:\Web\NodeJS\chat\redispubsub\node_modules\.staging
187 silly doParallel extract 3
188 silly extract bindings@1.2.1
189 silly extract nan@2.5.1
190 silly extract hiredis@0.4.1
191 verbose unbuild node_modules\.staging\bindings-faca63be
192 verbose unbuild node_modules\.staging\nan-7eb10aa4
193 verbose unbuild node_modules\.staging\hiredis-4f6fcc7f
194 silly gentlyRm D:\Web\NodeJS\chat\redispubsub\node_modules\.staging\bindings-faca63be is being purged from base D:\Web\NodeJS\chat\redispubsub
195 verbose gentlyRm don't care about contents; nuking D:\Web\NodeJS\chat\redispubsub\node_modules\.staging\bindings-faca63be
196 silly gentlyRm D:\Web\NodeJS\chat\redispubsub\node_modules\.staging\nan-7eb10aa4 is being purged from base D:\Web\NodeJS\chat\redispubsub
197 verbose gentlyRm don't care about contents; nuking D:\Web\NodeJS\chat\redispubsub\node_modules\.staging\nan-7eb10aa4
198 verbose tar unpack C:\Users\Huynh\AppData\Roaming\npm-cache\bindings\1.2.1\package.tgz
199 verbose tar unpacking to D:\Web\NodeJS\chat\redispubsub\node_modules\.staging\bindings-faca63be
200 silly gentlyRm D:\Web\NodeJS\chat\redispubsub\node_modules\.staging\bindings-faca63be is being purged
201 verbose gentlyRm don't care about contents; nuking D:\Web\NodeJS\chat\redispubsub\node_modules\.staging\bindings-faca63be
202 verbose tar unpack C:\Users\Huynh\AppData\Roaming\npm-cache\nan\2.5.1\package.tgz
203 verbose tar unpacking to D:\Web\NodeJS\chat\redispubsub\node_modules\.staging\nan-7eb10aa4
204 silly gentlyRm D:\Web\NodeJS\chat\redispubsub\node_modules\.staging\nan-7eb10aa4 is being purged
205 verbose gentlyRm don't care about contents; nuking D:\Web\NodeJS\chat\redispubsub\node_modules\.staging\nan-7eb10aa4
206 silly gentlyRm D:\Web\NodeJS\chat\redispubsub\node_modules\.staging\hiredis-4f6fcc7f is being purged from base D:\Web\NodeJS\chat\redispubsub
207 verbose gentlyRm don't care about contents; nuking D:\Web\NodeJS\chat\redispubsub\node_modules\.staging\hiredis-4f6fcc7f
208 silly gunzTarPerm modes [ '777', '666' ]
209 silly gunzTarPerm modes [ '777', '666' ]
210 verbose tar unpack C:\Users\Huynh\AppData\Roaming\npm-cache\hiredis\0.4.1\package.tgz
211 verbose tar unpacking to D:\Web\NodeJS\chat\redispubsub\node_modules\.staging\hiredis-4f6fcc7f
212 silly gentlyRm D:\Web\NodeJS\chat\redispubsub\node_modules\.staging\hiredis-4f6fcc7f is being purged
213 verbose gentlyRm don't care about contents; nuking D:\Web\NodeJS\chat\redispubsub\node_modules\.staging\hiredis-4f6fcc7f
214 silly gunzTarPerm modes [ '777', '666' ]
215 silly gunzTarPerm extractEntry package.json
216 silly gunzTarPerm modified mode [ 'package.json', 420, 438 ]
217 silly gunzTarPerm extractEntry package.json
218 silly gunzTarPerm modified mode [ 'package.json', 436, 438 ]
219 silly gunzTarPerm extractEntry package.json
220 silly gunzTarPerm modified mode [ 'package.json', 420, 438 ]
221 silly gunzTarPerm extractEntry README.md
222 silly gunzTarPerm modified mode [ 'README.md', 420, 438 ]
223 silly gunzTarPerm extractEntry bindings.js
224 silly gunzTarPerm modified mode [ 'bindings.js', 420, 438 ]
225 silly gunzTarPerm extractEntry README.md
226 silly gunzTarPerm modified mode [ 'README.md', 436, 438 ]
227 silly gunzTarPerm extractEntry include_dirs.js
228 silly gunzTarPerm modified mode [ 'include_dirs.js', 436, 438 ]
229 silly gunzTarPerm extractEntry .npmignore
230 silly gunzTarPerm modified mode [ '.npmignore', 420, 438 ]
231 silly gunzTarPerm extractEntry README.md
232 silly gunzTarPerm modified mode [ 'README.md', 420, 438 ]
233 silly gunzTarPerm extractEntry nan_converters.h
234 silly gunzTarPerm modified mode [ 'nan_converters.h', 436, 438 ]
235 silly gunzTarPerm extractEntry CHANGELOG.md
236 silly gunzTarPerm modified mode [ 'CHANGELOG.md', 436, 438 ]
237 silly gunzTarPerm extractEntry LICENSE.md
238 silly gunzTarPerm modified mode [ 'LICENSE.md', 436, 438 ]
239 silly gunzTarPerm extractEntry hiredis.js
240 silly gunzTarPerm modified mode [ 'hiredis.js', 420, 438 ]
241 silly gunzTarPerm extractEntry bench.js
242 silly gunzTarPerm modified mode [ 'bench.js', 420, 438 ]
243 silly gunzTarPerm extractEntry doc/node_misc.md
244 silly gunzTarPerm modified mode [ 'doc/node_misc.md', 436, 438 ]
245 silly gunzTarPerm extractEntry CHANGELOG.md
246 silly gunzTarPerm modified mode [ 'CHANGELOG.md', 420, 438 ]
247 silly gunzTarPerm extractEntry Makefile
248 silly gunzTarPerm modified mode [ 'Makefile', 420, 438 ]
249 silly gunzTarPerm extractEntry doc/asyncworker.md
250 silly gunzTarPerm modified mode [ 'doc/asyncworker.md', 436, 438 ]
251 silly gunzTarPerm extractEntry doc/callback.md
252 silly gunzTarPerm modified mode [ 'doc/callback.md', 436, 438 ]
253 silly gunzTarPerm extractEntry appveyor.yml
254 silly gunzTarPerm modified mode [ 'appveyor.yml', 420, 438 ]
255 silly gunzTarPerm extractEntry .gitmodules
256 silly gunzTarPerm modified mode [ '.gitmodules', 420, 438 ]
257 silly gunzTarPerm extractEntry doc/converters.md
258 silly gunzTarPerm modified mode [ 'doc/converters.md', 436, 438 ]
259 silly gunzTarPerm extractEntry doc/errors.md
260 silly gunzTarPerm modified mode [ 'doc/errors.md', 436, 438 ]
261 silly gunzTarPerm extractEntry binding.gyp
262 silly gunzTarPerm modified mode [ 'binding.gyp', 420, 438 ]
263 silly gunzTarPerm extractEntry deps/hiredis/.npmignore
264 silly gunzTarPerm modified mode [ 'deps/hiredis/.npmignore', 420, 438 ]
265 silly gunzTarPerm extractEntry deps/hiredis/README.md
266 silly gunzTarPerm modified mode [ 'deps/hiredis/README.md', 420, 438 ]
267 silly gunzTarPerm extractEntry deps/hiredis/CHANGELOG.md
268 silly gunzTarPerm modified mode [ 'deps/hiredis/CHANGELOG.md', 420, 438 ]
269 silly gunzTarPerm extractEntry deps/hiredis/COPYING
270 silly gunzTarPerm modified mode [ 'deps/hiredis/COPYING', 420, 438 ]
271 silly gunzTarPerm extractEntry deps/hiredis/Makefile
272 silly gunzTarPerm modified mode [ 'deps/hiredis/Makefile', 420, 438 ]
273 silly gunzTarPerm extractEntry deps/hiredis/win32.h
274 silly gunzTarPerm modified mode [ 'deps/hiredis/win32.h', 420, 438 ]
275 silly gunzTarPerm extractEntry deps/hiredis/adapters/ae.h
276 silly gunzTarPerm modified mode [ 'deps/hiredis/adapters/ae.h', 420, 438 ]
277 silly gunzTarPerm extractEntry deps/hiredis/adapters/glib.h
278 silly gunzTarPerm modified mode [ 'deps/hiredis/adapters/glib.h', 420, 438 ]
279 silly gunzTarPerm extractEntry deps/hiredis/adapters/libev.h
280 silly gunzTarPerm modified mode [ 'deps/hiredis/adapters/libev.h', 420, 438 ]
281 silly gunzTarPerm extractEntry deps/hiredis/adapters/libevent.h
282 silly gunzTarPerm modified mode [ 'deps/hiredis/adapters/libevent.h', 420, 438 ]
283 silly gunzTarPerm extractEntry deps/hiredis/adapters/libuv.h
284 silly gunzTarPerm modified mode [ 'deps/hiredis/adapters/libuv.h', 420, 438 ]
285 silly gunzTarPerm extractEntry deps/hiredis/async.c
286 silly gunzTarPerm modified mode [ 'deps/hiredis/async.c', 420, 438 ]
287 silly gunzTarPerm extractEntry deps/hiredis/async.h
288 silly gunzTarPerm modified mode [ 'deps/hiredis/async.h', 420, 438 ]
289 silly gunzTarPerm extractEntry deps/hiredis/dict.c
290 silly gunzTarPerm modified mode [ 'deps/hiredis/dict.c', 420, 438 ]
291 silly gunzTarPerm extractEntry deps/hiredis/dict.h
292 silly gunzTarPerm modified mode [ 'deps/hiredis/dict.h', 420, 438 ]
293 silly gunzTarPerm extractEntry deps/hiredis/.travis.yml
294 silly gunzTarPerm modified mode [ 'deps/hiredis/.travis.yml', 420, 438 ]
295 silly gunzTarPerm extractEntry deps/hiredis/fmacros.h
296 silly gunzTarPerm modified mode [ 'deps/hiredis/fmacros.h', 420, 438 ]
297 silly gunzTarPerm extractEntry deps/hiredis/hiredis.c
298 silly gunzTarPerm modified mode [ 'deps/hiredis/hiredis.c', 420, 438 ]
299 silly gunzTarPerm extractEntry deps/hiredis/hiredis.h
300 silly gunzTarPerm modified mode [ 'deps/hiredis/hiredis.h', 420, 438 ]
301 silly gunzTarPerm extractEntry deps/hiredis/net.c
302 silly gunzTarPerm modified mode [ 'deps/hiredis/net.c', 420, 438 ]
303 silly gunzTarPerm extractEntry deps/hiredis/net.h
304 silly gunzTarPerm modified mode [ 'deps/hiredis/net.h', 420, 438 ]
305 silly gunzTarPerm extractEntry deps/hiredis/read.c
306 silly gunzTarPerm modified mode [ 'deps/hiredis/read.c', 420, 438 ]
307 silly gunzTarPerm extractEntry deps/hiredis/read.h
308 silly gunzTarPerm modified mode [ 'deps/hiredis/read.h', 420, 438 ]
309 silly gunzTarPerm extractEntry deps/hiredis/sds.c
310 silly gunzTarPerm modified mode [ 'deps/hiredis/sds.c', 420, 438 ]
311 silly gunzTarPerm extractEntry deps/hiredis/sds.h
312 silly gunzTarPerm modified mode [ 'deps/hiredis/sds.h', 420, 438 ]
313 silly gunzTarPerm extractEntry deps/hiredis/test.c
314 silly gunzTarPerm modified mode [ 'deps/hiredis/test.c', 420, 438 ]
315 silly gunzTarPerm extractEntry deps/hiredis/examples/example-ae.c
316 silly gunzTarPerm modified mode [ 'deps/hiredis/examples/example-ae.c', 420, 438 ]
317 silly gunzTarPerm extractEntry deps/hiredis/examples/example-glib.c
318 silly gunzTarPerm modified mode [ 'deps/hiredis/examples/example-glib.c', 420, 438 ]
319 silly gunzTarPerm extractEntry deps/hiredis/examples/example-libev.c
320 silly gunzTarPerm modified mode [ 'deps/hiredis/examples/example-libev.c', 420, 438 ]
321 silly gunzTarPerm extractEntry deps/hiredis/examples/example-libevent.c
322 silly gunzTarPerm modified mode [ 'deps/hiredis/examples/example-libevent.c', 420, 438 ]
323 silly gunzTarPerm extractEntry deps/hiredis/examples/example-libuv.c
324 silly gunzTarPerm modified mode [ 'deps/hiredis/examples/example-libuv.c', 420, 438 ]
325 silly gunzTarPerm extractEntry deps/hiredis/examples/example.c
326 silly gunzTarPerm modified mode [ 'deps/hiredis/examples/example.c', 420, 438 ]
327 silly gunzTarPerm extractEntry deps/hiredis.gyp
328 silly gunzTarPerm modified mode [ 'deps/hiredis.gyp', 420, 438 ]
329 silly gunzTarPerm extractEntry COPYING
330 silly gunzTarPerm modified mode [ 'COPYING', 420, 438 ]
331 silly gunzTarPerm extractEntry src/hiredis.cc
332 silly gunzTarPerm modified mode [ 'src/hiredis.cc', 420, 438 ]
333 silly gunzTarPerm extractEntry src/reader.cc
334 silly gunzTarPerm modified mode [ 'src/reader.cc', 420, 438 ]
335 silly gunzTarPerm extractEntry src/reader.h
336 silly gunzTarPerm modified mode [ 'src/reader.h', 420, 438 ]
337 silly gunzTarPerm extractEntry .travis.yml
338 silly gunzTarPerm modified mode [ '.travis.yml', 420, 438 ]
339 silly gunzTarPerm extractEntry run-all.sh
340 silly gunzTarPerm modified mode [ 'run-all.sh', 493, 511 ]
341 silly gunzTarPerm extractEntry test/reader.js
342 silly gunzTarPerm modified mode [ 'test/reader.js', 420, 438 ]
343 silly gunzTarPerm extractEntry test/testlib.js
344 silly gunzTarPerm modified mode [ 'test/testlib.js', 420, 438 ]
345 silly gunzTarPerm extractEntry test/writer.js
346 silly gunzTarPerm modified mode [ 'test/writer.js', 420, 438 ]
347 silly gunzTarPerm extractEntry doc/maybe_types.md
348 silly gunzTarPerm modified mode [ 'doc/maybe_types.md', 436, 438 ]
349 silly gunzTarPerm extractEntry doc/methods.md
350 silly gunzTarPerm modified mode [ 'doc/methods.md', 436, 438 ]
351 silly gunzTarPerm extractEntry doc/new.md
352 silly gunzTarPerm modified mode [ 'doc/new.md', 436, 438 ]
353 silly gentlyRm D:\Web\NodeJS\chat\redispubsub\node_modules\.staging\bindings-faca63be\node_modules is being purged
354 verbose gentlyRm don't care about contents; nuking D:\Web\NodeJS\chat\redispubsub\node_modules\.staging\bindings-faca63be\node_modules
355 silly gunzTarPerm extractEntry doc/buffers.md
356 silly gunzTarPerm modified mode [ 'doc/buffers.md', 436, 438 ]
357 silly gunzTarPerm extractEntry doc/object_wrappers.md
358 silly gunzTarPerm modified mode [ 'doc/object_wrappers.md', 436, 438 ]
359 silly gunzTarPerm extractEntry doc/persistent.md
360 silly gunzTarPerm modified mode [ 'doc/persistent.md', 436, 438 ]
361 silly gunzTarPerm extractEntry doc/scopes.md
362 silly gunzTarPerm modified mode [ 'doc/scopes.md', 436, 438 ]
363 silly gunzTarPerm extractEntry doc/script.md
364 silly gunzTarPerm modified mode [ 'doc/script.md', 436, 438 ]
365 silly gunzTarPerm extractEntry doc/string_bytes.md
366 silly gunzTarPerm modified mode [ 'doc/string_bytes.md', 436, 438 ]
367 silly gunzTarPerm extractEntry doc/v8_internals.md
368 silly gunzTarPerm modified mode [ 'doc/v8_internals.md', 436, 438 ]
369 silly gunzTarPerm extractEntry doc/v8_misc.md
370 silly gunzTarPerm modified mode [ 'doc/v8_misc.md', 436, 438 ]
371 silly gunzTarPerm extractEntry nan.h
372 silly gunzTarPerm modified mode [ 'nan.h', 436, 438 ]
373 silly gunzTarPerm extractEntry nan_callbacks.h
374 silly gunzTarPerm modified mode [ 'nan_callbacks.h', 436, 438 ]
375 silly gunzTarPerm extractEntry nan_callbacks_12_inl.h
376 silly gunzTarPerm modified mode [ 'nan_callbacks_12_inl.h', 436, 438 ]
377 silly gunzTarPerm extractEntry nan_callbacks_pre_12_inl.h
378 silly gunzTarPerm modified mode [ 'nan_callbacks_pre_12_inl.h', 436, 438 ]
379 silly gunzTarPerm extractEntry nan_converters_43_inl.h
380 silly gunzTarPerm modified mode [ 'nan_converters_43_inl.h', 436, 438 ]
381 silly gunzTarPerm extractEntry nan_converters_pre_43_inl.h
382 silly gunzTarPerm modified mode [ 'nan_converters_pre_43_inl.h', 436, 438 ]
383 silly gunzTarPerm extractEntry nan_implementation_12_inl.h
384 silly gunzTarPerm modified mode [ 'nan_implementation_12_inl.h', 436, 438 ]
385 silly gunzTarPerm extractEntry nan_implementation_pre_12_inl.h
386 silly gunzTarPerm modified mode [ 'nan_implementation_pre_12_inl.h', 436, 438 ]
387 silly gunzTarPerm extractEntry nan_maybe_43_inl.h
388 silly gunzTarPerm modified mode [ 'nan_maybe_43_inl.h', 436, 438 ]
389 silly gunzTarPerm extractEntry nan_maybe_pre_43_inl.h
390 silly gunzTarPerm modified mode [ 'nan_maybe_pre_43_inl.h', 436, 438 ]
391 silly gunzTarPerm extractEntry nan_new.h
392 silly gunzTarPerm modified mode [ 'nan_new.h', 436, 438 ]
393 silly gunzTarPerm extractEntry nan_object_wrap.h
394 silly gunzTarPerm modified mode [ 'nan_object_wrap.h', 436, 438 ]
395 silly gunzTarPerm extractEntry nan_persistent_12_inl.h
396 silly gunzTarPerm modified mode [ 'nan_persistent_12_inl.h', 436, 438 ]
397 silly gunzTarPerm extractEntry nan_persistent_pre_12_inl.h
398 silly gunzTarPerm modified mode [ 'nan_persistent_pre_12_inl.h', 436, 438 ]
399 silly gunzTarPerm extractEntry nan_private.h
400 silly gunzTarPerm modified mode [ 'nan_private.h', 436, 438 ]
401 silly gunzTarPerm extractEntry nan_string_bytes.h
402 silly gunzTarPerm modified mode [ 'nan_string_bytes.h', 436, 438 ]
403 silly gunzTarPerm extractEntry nan_typedarray_contents.h
404 silly gunzTarPerm modified mode [ 'nan_typedarray_contents.h', 436, 438 ]
405 silly gunzTarPerm extractEntry nan_weak.h
406 silly gunzTarPerm modified mode [ 'nan_weak.h', 436, 438 ]
407 silly gunzTarPerm extractEntry tools/package.json
408 silly gunzTarPerm modified mode [ 'tools/package.json', 436, 438 ]
409 silly gunzTarPerm extractEntry tools/README.md
410 silly gunzTarPerm modified mode [ 'tools/README.md', 436, 438 ]
411 silly gunzTarPerm extractEntry tools/1to2.js
412 silly gunzTarPerm modified mode [ 'tools/1to2.js', 509, 511 ]
413 silly gentlyRm D:\Web\NodeJS\chat\redispubsub\node_modules\.staging\nan-7eb10aa4\node_modules is being purged
414 verbose gentlyRm don't care about contents; nuking D:\Web\NodeJS\chat\redispubsub\node_modules\.staging\nan-7eb10aa4\node_modules
415 silly gentlyRm D:\Web\NodeJS\chat\redispubsub\node_modules\.staging\hiredis-4f6fcc7f\node_modules is being purged
416 verbose gentlyRm don't care about contents; nuking D:\Web\NodeJS\chat\redispubsub\node_modules\.staging\hiredis-4f6fcc7f\node_modules
417 silly doParallel preinstall 3
418 silly preinstall bindings@1.2.1 D:\Web\NodeJS\chat\redispubsub\node_modules\.staging\bindings-faca63be
419 info lifecycle bindings@1.2.1~preinstall: bindings@1.2.1
420 silly preinstall nan@2.5.1 D:\Web\NodeJS\chat\redispubsub\node_modules\.staging\nan-7eb10aa4
421 info lifecycle nan@2.5.1~preinstall: nan@2.5.1
422 silly preinstall hiredis@0.4.1 D:\Web\NodeJS\chat\redispubsub\node_modules\.staging\hiredis-4f6fcc7f
423 info lifecycle hiredis@0.4.1~preinstall: hiredis@0.4.1
424 silly lifecycle bindings@1.2.1~preinstall: no script for preinstall, continuing
425 silly lifecycle nan@2.5.1~preinstall: no script for preinstall, continuing
426 silly lifecycle hiredis@0.4.1~preinstall: no script for preinstall, continuing
427 silly doReverseSerial remove 0
428 silly doSerial move 0
429 silly doSerial finalize 3
430 silly finalize D:\Web\NodeJS\chat\redispubsub\node_modules\bindings
431 silly finalize D:\Web\NodeJS\chat\redispubsub\node_modules\nan
432 silly finalize D:\Web\NodeJS\chat\redispubsub\node_modules\hiredis
433 silly doSerial build 3
434 silly build bindings@1.2.1
435 info linkStuff bindings@1.2.1
436 silly linkStuff bindings@1.2.1 has D:\Web\NodeJS\chat\redispubsub\node_modules as its parent node_modules
437 verbose linkBins bindings@1.2.1
438 verbose linkMans bindings@1.2.1
439 silly build nan@2.5.1
440 info linkStuff nan@2.5.1
441 silly linkStuff nan@2.5.1 has D:\Web\NodeJS\chat\redispubsub\node_modules as its parent node_modules
442 verbose linkBins nan@2.5.1
443 verbose linkMans nan@2.5.1
444 silly build hiredis@0.4.1
445 info linkStuff hiredis@0.4.1
446 silly linkStuff hiredis@0.4.1 has D:\Web\NodeJS\chat\redispubsub\node_modules as its parent node_modules
447 verbose linkBins hiredis@0.4.1
448 verbose linkMans hiredis@0.4.1
449 silly doSerial global-link 0
450 silly doParallel update-linked 0
451 silly doSerial install 3
452 silly install bindings@1.2.1 D:\Web\NodeJS\chat\redispubsub\node_modules\.staging\bindings-faca63be
453 info lifecycle bindings@1.2.1~install: bindings@1.2.1
454 silly lifecycle bindings@1.2.1~install: no script for install, continuing
455 silly install nan@2.5.1 D:\Web\NodeJS\chat\redispubsub\node_modules\.staging\nan-7eb10aa4
456 info lifecycle nan@2.5.1~install: nan@2.5.1
457 silly lifecycle nan@2.5.1~install: no script for install, continuing
458 silly install hiredis@0.4.1 D:\Web\NodeJS\chat\redispubsub\node_modules\.staging\hiredis-4f6fcc7f
459 info lifecycle hiredis@0.4.1~install: hiredis@0.4.1
460 verbose lifecycle hiredis@0.4.1~install: unsafe-perm in lifecycle true
461 verbose lifecycle hiredis@0.4.1~install: PATH: C:\Program Files\nodejs\node_modules\npm\bin\node-gyp-bin;D:\Web\NodeJS\chat\redispubsub\node_modules\hiredis\node_modules\.bin;D:\Web\NodeJS\chat\redispubsub\node_modules\.bin;C:\ProgramData\Oracle\Java\javapath;C:\WINDOWS\system32;C:\WINDOWS;C:\WINDOWS\System32\Wbem;C:\WINDOWS\System32\WindowsPowerShell\v1.0\;C:\Program Files\nodejs\;C:\Program Files\Git\cmd;C:\Program Files (x86)\Skype\Phone\;C:\WINDOWS\system32\config\systemprofile\.dnx\bin;C:\Program Files\Microsoft DNX\Dnvm\;C:\Python27;C:\Program Files\MySQL\MySQL Utilities 1.6\;C:\Program Files (x86)\Windows Kits\8.1\Windows Performance Toolkit\;C:\Program Files (x86)\Microsoft SDKs\TypeScript\1.0\;C:\Program Files\PuTTY\;C:\Program Files\Redis\;C:\Program Files\Microsoft Windows Performance Toolkit\;C:\Users\Huynh\AppData\Local\Microsoft\WindowsApps;C:\Users\Huynh\AppData\Roaming\npm;C:\Program Files\Heroku\bin
462 verbose lifecycle hiredis@0.4.1~install: CWD: D:\Web\NodeJS\chat\redispubsub\node_modules\hiredis
463 silly lifecycle hiredis@0.4.1~install: Args: [ '/d /s /c', 'node-gyp rebuild' ]
464 silly lifecycle hiredis@0.4.1~install: Returned: code: 1  signal: null
465 info lifecycle hiredis@0.4.1~install: Failed to exec install script
466 verbose unlock done using C:\Users\Huynh\AppData\Roaming\npm-cache\_locks\staging-e3967c2011e75903.lock for D:\Web\NodeJS\chat\redispubsub\node_modules\.staging
467 silly rollbackFailedOptional Starting
468 silly rollbackFailedOptional Finishing
469 silly runTopLevelLifecycles Finishing
470 silly install printInstalled
471 verbose stack Error: hiredis@0.4.1 install: `node-gyp rebuild`
471 verbose stack Exit status 1
471 verbose stack     at EventEmitter.<anonymous> (C:\Program Files\nodejs\node_modules\npm\lib\utils\lifecycle.js:255:16)
471 verbose stack     at emitTwo (events.js:106:13)
471 verbose stack     at EventEmitter.emit (events.js:191:7)
471 verbose stack     at ChildProcess.<anonymous> (C:\Program Files\nodejs\node_modules\npm\lib\utils\spawn.js:40:14)
471 verbose stack     at emitTwo (events.js:106:13)
471 verbose stack     at ChildProcess.emit (events.js:191:7)
471 verbose stack     at maybeClose (internal/child_process.js:877:16)
471 verbose stack     at Process.ChildProcess._handle.onexit (internal/child_process.js:226:5)
472 verbose pkgid hiredis@0.4.1
473 verbose cwd D:\Web\NodeJS\chat\redispubsub
474 error Windows_NT 10.0.14393
475 error argv "C:\\Program Files\\nodejs\\node.exe" "C:\\Program Files\\nodejs\\node_modules\\npm\\bin\\npm-cli.js" "install"
476 error node v6.9.5
477 error npm  v3.10.10
478 error code ELIFECYCLE
479 error hiredis@0.4.1 install: `node-gyp rebuild`
479 error Exit status 1
480 error Failed at the hiredis@0.4.1 install script 'node-gyp rebuild'.
480 error Make sure you have the latest version of node.js and npm installed.
480 error If you do, this is most likely a problem with the hiredis package,
480 error not with npm itself.
480 error Tell the author that this fails on your system:
480 error     node-gyp rebuild
480 error You can get information on how to open an issue for this project with:
480 error     npm bugs hiredis
480 error Or if that isn't available, you can get their info via:
480 error     npm owner ls hiredis
480 error There is likely additional logging output above.
481 verbose exit [ 1, true ]
